\(0.000) SELECT "auth_user"."id", "auth_user"."password", "auth_user"."last_login", "auth_user"."is_superuser", "auth_user"."username", "auth_user"."first_name", "auth_user"."last_name", "auth_user"."email", "auth_user"."is_staff", "auth_user"."is_active", "auth_user"."date_joined" FROM "auth_user" WHERE "auth_user"."id" = 1 LIMIT 21; args=(1,); alias=default
(0.000) SELECT "user_profile"."user_id", "user_profile"."name", "user_profile"."id", "user_profile"."email", "user_profile"."gender", "user_profile"."paid_time", "user_profile"."paid", "user_profile"."last_login", "user_profile"."image_url", "user_profile"."total_likes", "user_profile"."coins" FROM "user_profile" WHERE "user_profile"."email" IN ('9562267229', '9061031229'); args=('9562267229', '9061031229'); alias=default
(0.000) SELECT "question_question"."id", "question_question"."question" FROM "question_question" WHERE "question_question"."id" = 'fff13521100f4444a1131bc9d8e5891c' LIMIT 21; args=('fff13521100f4444a1131bc9d8e5891c',); alias=default
(0.000) SELECT "group_group"."name", "group_group"."id", "group_group"."admin_id" FROM "group_group" WHERE "group_group"."id" = 'V61qpI' LIMIT 21; args=('V61qpI',); alias=default
(0.062) INSERT INTO "likes_like" ("id", "user_from_id", "user_to_id", "group_id", "question_id", "time") VALUES ('e356c02db6334101a09c13c9b8450eff', '07657667c27c4f34b72b3539535b8398', 'b748f46749454ee8a8408d9d90024d88', 'V61qpI', 'fff13521100f4444a1131bc9d8e5891c', '2023-05-13 06:39:29.595434'); args=('e356c02db6334101a09c13c9b8450eff', '07657667c27c4f34b72b3539535b8398', 'b748f46749454ee8a8408d9d90024d88', 'V61qpI', 'fff13521100f4444a1131bc9d8e5891c', '2023-05-13 06:39:29.595434'); alias=default
(0.063) UPDATE "user_profile" SET "user_id" = 4, "name" = 'Sam', "email" = '9061031229', "gender" = 'boy', "paid_time" = NULL, "paid" = 'False', "last_login" = '2023-05-13 06:25:44', "image_url" = '', "total_likes" = 19, "coins" = 0 WHERE "user_profile"."id" = 'b748f46749454ee8a8408d9d90024d88'; args=(4, 'Sam', '9061031229', 'boy', 'False', '2023-05-13 06:25:44', '', 19, 0, 'b748f46749454ee8a8408d9d90024d88'); alias=default
(0.000) SELECT "user_profile"."name", "user_profile"."email", COUNT("likes_like"."id") AS "count" FROM "likes_like" INNER JOIN "user_profile" ON ("likes_like"."user_to_id" = "user_profile"."id") WHERE ("likes_like"."group_id" = 'V61qpI' AND "likes_like"."question_id" = 'fff13521100f4444a1131bc9d8e5891c') GROUP BY "user_profile"."name", "user_profile"."email" ORDER BY "count" DESC LIMIT 1; args=('V61qpI', 'fff13521100f4444a1131bc9d8e5891c'); alias=default
(0.093) UPDATE "user_profile" SET "user_id" = 3, "name" = 'Delvin', "email" = '9562267229', "gender" = 'boy', "paid_time" = NULL, "paid" = 'False', "last_login" = '2023-05-13 06:25:44', "image_url" = '', "total_likes" = 3, "coins" = 3 WHERE "user_profile"."id" = '07657667c27c4f34b72b3539535b8398'; args=(3, 'Delvin', '9562267229', 'boy', 'False', '2023-05-13 06:25:44', '', 3, 3, '07657667c27c4f34b72b3539535b8398'); alias=default
(0.000) SELECT "user_profile"."name", "user_profile"."email", COUNT("likes_like"."id") AS "count" FROM "likes_like" INNER JOIN "user_profile" ON ("likes_like"."user_to_id" = "user_profile"."id") WHERE ("likes_like"."group_id" = 'V61qpI' AND "likes_like"."question_id" = 'fff13521100f4444a1131bc9d8e5891c') GROUP BY "user_profile"."name", "user_profile"."email" ORDER BY "count" DESC; args=('V61qpI', 'fff13521100f4444a1131bc9d8e5891c'); alias=default
(0.000) SELECT "django_session"."session_key", "django_session"."session_data", "django_session"."expire_date" FROM "django_session" WHERE ("django_session"."expire_date" > '2023-05-13 06:40:08.571916' AND "django_session"."session_key" = 'q77u1bhqye9z186ll103wzm6iuisbgo2') LIMIT 21; args=('2023-05-13 06:40:08.571916', 'q77u1bhqye9z186ll103wzm6iuisbgo2'); alias=default
(0.000) SELECT "auth_user"."id", "auth_user"."password", "auth_user"."last_login", "auth_user"."is_superuser", "auth_user"."username", "auth_user"."first_name", "auth_user"."last_name", "auth_user"."email", "auth_user"."is_staff", "auth_user"."is_active", "auth_user"."date_joined" FROM "auth_user" WHERE "auth_user"."id" = 1 LIMIT 21; args=(1,); alias=default
(0.000) SELECT COUNT(*) AS "__count" FROM "user_profile"; args=(); alias=default
(0.000) SELECT COUNT(*) AS "__count" FROM "user_profile"; args=(); alias=default
(0.000) SELECT "user_profile"."user_id", "user_profile"."name", "user_profile"."id", "user_profile"."email", "user_profile"."gender", "user_profile"."paid_time", "user_profile"."paid", "user_profile"."last_login", "user_profile"."image_url", "user_profile"."total_likes", "user_profile"."coins" FROM "user_profile" ORDER BY "user_profile"."id" DESC; args=(); alias=default
(0.000) SELECT "django_session"."session_key", "django_session"."session_data", "django_session"."expire_date" FROM "django_session" WHERE ("django_session"."expire_date" > '2023-05-13 06:40:09.049050' AND "django_session"."session_key" = 'q77u1bhqye9z186ll103wzm6iuisbgo2') LIMIT 21; args=('2023-05-13 06:40:09.049050', 'q77u1bhqye9z186ll103wzm6iuisbgo2'); alias=default
(0.015) SELECT "auth_user"."id", "auth_user"."password", "auth_user"."last_login", "auth_user"."is_superuser", "auth_user"."username", "auth_user"."first_name", "auth_user"."last_name", "auth_user"."email", "auth_user"."is_staff", "auth_user"."is_active", "auth_user"."date_joined" FROM "auth_user" WHERE "auth_user"."id" = 1 LIMIT 21; args=(1,); alias=default
(0.000) SELECT "django_session"."session_key", "django_session"."session_data", "django_session"."expire_date" FROM "django_session" WHERE ("django_session"."expire_date" > '2023-05-13 06:40:10.653251' AND "django_session"."session_key" = 'q77u1bhqye9z186ll103wzm6iuisbgo2') LIMIT 21; args=('2023-05-13 06:40:10.653251', 'q77u1bhqye9z186ll103wzm6iuisbgo2'); alias=default
(0.000) SELECT "auth_user"."id", "auth_user"."password", "auth_user"."last_login", "auth_user"."is_superuser", "auth_user"."username", "auth_user"."first_name", "auth_user"."last_name", "auth_user"."email", "auth_user"."is_staff", "auth_user"."is_active", "auth_user"."date_joined" FROM "auth_user" WHERE "auth_user"."id" = 1 LIMIT 21; args=(1,); alias=default
(0.000) BEGIN; args=None; alias=default
(0.000) SELECT "user_profile"."user_id", "user_profile"."name", "user_profile"."id", "user_profile"."email", "user_profile"."gender", "user_profile"."paid_time", "user_profile"."paid", "user_profile"."last_login", "user_profile"."image_url", "user_profile"."total_likes", "user_profile"."coins" FROM "user_profile" WHERE "user_profile"."id" = '07657667c27c4f34b72b3539535b8398' LIMIT 21; args=('07657667c27c4f34b72b3539535b8398',); alias=default
(0.000) SELECT "django_content_type"."id", "django_content_type"."app_label", "django_content_type"."model" FROM "django_content_type" WHERE ("django_content_type"."app_label" = 'user' AND "django_content_type"."model" = 'profile') LIMIT 21; args=('user', 'profile'); alias=default
(0.000) SELECT "auth_user"."id", "auth_user"."password", "auth_user"."last_login", "auth_user"."is_superuser", "auth_user"."username", "auth_user"."first_name", "auth_user"."last_name", "auth_user"."email", "auth_user"."is_staff", "auth_user"."is_active", "auth_user"."date_joined" FROM "auth_user" ORDER BY "auth_user"."username" ASC; args=(); alias=default
(0.000) SELECT "django_session"."session_key", "django_session"."session_data", "django_session"."expire_date" FROM "django_session" WHERE ("django_session"."expire_date" > '2023-05-13 06:40:10.773882' AND "django_session"."session_key" = 'q77u1bhqye9z186ll103wzm6iuisbgo2') LIMIT 21; args=('2023-05-13 06:40:10.773882', 'q77u1bhqye9z186ll103wzm6iuisbgo2'); alias=default
(0.000) SELECT "auth_user"."id", "auth_user"."password", "auth_user"."last_login", "auth_user"."is_superuser", "auth_user"."username", "auth_user"."first_name", "auth_user"."last_name", "auth_user"."email", "auth_user"."is_staff", "auth_user"."is_active", "auth_user"."date_joined" FROM "auth_user" WHERE "auth_user"."id" = 1 LIMIT 21; args=(1,); alias=default
(0.000) 
            SELECT name, type FROM sqlite_master
            WHERE type in ('table', 'view') AND NOT name='sqlite_sequence'
            ORDER BY name; args=None; alias=default
(0.000) SELECT "django_migrations"."id", "django_migrations"."app", "django_migrations"."name", "django_migrations"."applied" FROM "django_migrations"; args=(); alias=default
(0.000) SELECT "auth_user"."id", "auth_user"."password", "auth_user"."last_login", "auth_user"."is_superuser", "auth_user"."username", "auth_user"."first_name", "auth_user"."last_name", "auth_user"."email", "auth_user"."is_staff", "auth_user"."is_active", "auth_user"."date_joined" FROM "auth_user" WHERE "auth_user"."id" = 1 LIMIT 21; args=(1,); alias=default
(0.000) SELECT "user_profile"."user_id", "user_profile"."name", "user_profile"."id", "user_profile"."email", "user_profile"."gender", "user_profile"."paid_time", "user_profile"."paid", "user_profile"."last_login", "user_profile"."image_url", "user_profile"."total_likes", "user_profile"."coins" FROM "user_profile" WHERE "user_profile"."email" IN ('9562267229', '9061031229'); args=('9562267229', '9061031229'); alias=default
(0.000) SELECT "question_question"."id", "question_question"."question" FROM "question_question" WHERE "question_question"."id" = 'fff13521100f4444a1131bc9d8e5891c' LIMIT 21; args=('fff13521100f4444a1131bc9d8e5891c',); alias=default
(0.000) SELECT "group_group"."name", "group_group"."id", "group_group"."admin_id" FROM "group_group" WHERE "group_group"."id" = 'V61qpI' LIMIT 21; args=('V61qpI',); alias=default
(0.109) INSERT INTO "likes_like" ("id", "user_from_id", "user_to_id", "group_id", "question_id", "time") VALUES ('5b50aa5a9ee84382bc3fbdeb04ae8e2e', '07657667c27c4f34b72b3539535b8398', 'b748f46749454ee8a8408d9d90024d88', 'V61qpI', 'fff13521100f4444a1131bc9d8e5891c', '2023-05-13 06:40:23.709001'); args=('5b50aa5a9ee84382bc3fbdeb04ae8e2e', '07657667c27c4f34b72b3539535b8398', 'b748f46749454ee8a8408d9d90024d88', 'V61qpI', 'fff13521100f4444a1131bc9d8e5891c', '2023-05-13 06:40:23.709001'); alias=default
(0.079) UPDATE "user_profile" SET "user_id" = 4, "name" = 'Sam', "email" = '9061031229', "gender" = 'boy', "paid_time" = NULL, "paid" = 'False', "last_login" = '2023-05-13 06:25:44', "image_url" = '', "total_likes" = 20, "coins" = 0 WHERE "user_profile"."id" = 'b748f46749454ee8a8408d9d90024d88'; args=(4, 'Sam', '9061031229', 'boy', 'False', '2023-05-13 06:25:44', '', 20, 0, 'b748f46749454ee8a8408d9d90024d88'); alias=default
(0.000) SELECT "user_profile"."name", "user_profile"."email", COUNT("likes_like"."id") AS "count" FROM "likes_like" INNER JOIN "user_profile" ON ("likes_like"."user_to_id" = "user_profile"."id") WHERE ("likes_like"."group_id" = 'V61qpI' AND "likes_like"."question_id" = 'fff13521100f4444a1131bc9d8e5891c') GROUP BY "user_profile"."name", "user_profile"."email" ORDER BY "count" DESC LIMIT 1; args=('V61qpI', 'fff13521100f4444a1131bc9d8e5891c'); alias=default
(0.078) UPDATE "user_profile" SET "user_id" = 3, "name" = 'Delvin', "email" = '9562267229', "gender" = 'boy', "paid_time" = NULL, "paid" = 'False', "last_login" = '2023-05-13 06:25:44', "image_url" = '', "total_likes" = 3, "coins" = 53 WHERE "user_profile"."id" = '07657667c27c4f34b72b3539535b8398'; args=(3, 'Delvin', '9562267229', 'boy', 'False', '2023-05-13 06:25:44', '', 3, 53, '07657667c27c4f34b72b3539535b8398'); alias=default
(0.000) SELECT "user_profile"."name", "user_profile"."email", COUNT("likes_like"."id") AS "count" FROM "likes_like" INNER JOIN "user_profile" ON ("likes_like"."user_to_id" = "user_profile"."id") WHERE ("likes_like"."group_id" = 'V61qpI' AND "likes_like"."question_id" = 'fff13521100f4444a1131bc9d8e5891c') GROUP BY "user_profile"."name", "user_profile"."email" ORDER BY "count" DESC; args=('V61qpI', 'fff13521100f4444a1131bc9d8e5891c'); alias=default
(0.000) SELECT "auth_user"."id", "auth_user"."password", "auth_user"."last_login", "auth_user"."is_superuser", "auth_user"."username", "auth_user"."first_name", "auth_user"."last_name", "auth_user"."email", "auth_user"."is_staff", "auth_user"."is_active", "auth_user"."date_joined" FROM "auth_user" WHERE "auth_user"."id" = 1 LIMIT 21; args=(1,); alias=default
(0.000) SELECT "user_profile"."user_id", "user_profile"."name", "user_profile"."id", "user_profile"."email", "user_profile"."gender", "user_profile"."paid_time", "user_profile"."paid", "user_profile"."last_login", "user_profile"."image_url", "user_profile"."total_likes", "user_profile"."coins" FROM "user_profile" WHERE "user_profile"."email" IN ('9562267229', '9061031229'); args=('9562267229', '9061031229'); alias=default
(0.000) SELECT "question_question"."id", "question_question"."question" FROM "question_question" WHERE "question_question"."id" = 'fff13521100f4444a1131bc9d8e5891c' LIMIT 21; args=('fff13521100f4444a1131bc9d8e5891c',); alias=default
(0.000) SELECT "group_group"."name", "group_group"."id", "group_group"."admin_id" FROM "group_group" WHERE "group_group"."id" = 'V61qpI' LIMIT 21; args=('V61qpI',); alias=default
(0.125) INSERT INTO "likes_like" ("id", "user_from_id", "user_to_id", "group_id", "question_id", "time") VALUES ('f66598e844414722ba4f4c248f51dddc', '07657667c27c4f34b72b3539535b8398', 'b748f46749454ee8a8408d9d90024d88', 'V61qpI', 'fff13521100f4444a1131bc9d8e5891c', '2023-05-13 06:40:24.728537'); args=('f66598e844414722ba4f4c248f51dddc', '07657667c27c4f34b72b3539535b8398', 'b748f46749454ee8a8408d9d90024d88', 'V61qpI', 'fff13521100f4444a1131bc9d8e5891c', '2023-05-13 06:40:24.728537'); alias=default
(0.047) UPDATE "user_profile" SET "user_id" = 4, "name" = 'Sam', "email" = '9061031229', "gender" = 'boy', "paid_time" = NULL, "paid" = 'False', "last_login" = '2023-05-13 06:25:44', "image_url" = '', "total_likes" = 21, "coins" = 0 WHERE "user_profile"."id" = 'b748f46749454ee8a8408d9d90024d88'; args=(4, 'Sam', '9061031229', 'boy', 'False', '2023-05-13 06:25:44', '', 21, 0, 'b748f46749454ee8a8408d9d90024d88'); alias=default
(0.000) SELECT "user_profile"."name", "user_profile"."email", COUNT("likes_like"."id") AS "count" FROM "likes_like" INNER JOIN "user_profile" ON ("likes_like"."user_to_id" = "user_profile"."id") WHERE ("likes_like"."group_id" = 'V61qpI' AND "likes_like"."question_id" = 'fff13521100f4444a1131bc9d8e5891c') GROUP BY "user_profile"."name", "user_profile"."email" ORDER BY "count" DESC LIMIT 1; args=('V61qpI', 'fff13521100f4444a1131bc9d8e5891c'); alias=default
(0.062) UPDATE "user_profile" SET "user_id" = 3, "name" = 'Delvin', "email" = '9562267229', "gender" = 'boy', "paid_time" = NULL, "paid" = 'False', "last_login" = '2023-05-13 06:25:44', "image_url" = '', "total_likes" = 3, "coins" = 103 WHERE "user_profile"."id" = '07657667c27c4f34b72b3539535b8398'; args=(3, 'Delvin', '9562267229', 'boy', 'False', '2023-05-13 06:25:44', '', 3, 103, '07657667c27c4f34b72b3539535b8398'); alias=default
(0.000) SELECT "user_profile"."name", "user_profile"."email", COUNT("likes_like"."id") AS "count" FROM "likes_like" INNER JOIN "user_profile" ON ("likes_like"."user_to_id" = "user_profile"."id") WHERE ("likes_like"."group_id" = 'V61qpI' AND "likes_like"."question_id" = 'fff13521100f4444a1131bc9d8e5891c') GROUP BY "user_profile"."name", "user_profile"."email" ORDER BY "count" DESC; args=('V61qpI', 'fff13521100f4444a1131bc9d8e5891c'); alias=default
(0.000) SELECT "django_session"."session_key", "django_session"."session_data", "django_session"."expire_date" FROM "django_session" WHERE ("django_session"."expire_date" > '2023-05-13 06:40:27.364749' AND "django_session"."session_key" = 'q77u1bhqye9z186ll103wzm6iuisbgo2') LIMIT 21; args=('2023-05-13 06:40:27.364749', 'q77u1bhqye9z186ll103wzm6iuisbgo2'); alias=default
(0.000) SELECT "auth_user"."id", "auth_user"."password", "auth_user"."last_login", "auth_user"."is_superuser", "auth_user"."username", "auth_user"."first_name", "auth_user"."last_name", "auth_user"."email", "auth_user"."is_staff", "auth_user"."is_active", "auth_user"."date_joined" FROM "auth_user" WHERE "auth_user"."id" = 1 LIMIT 21; args=(1,); alias=default
(0.000) BEGIN; args=None; alias=default
(0.000) SELECT "user_profile"."user_id", "user_profile"."name", "user_profile"."id", "user_profile"."email", "user_profile"."gender", "user_profile"."paid_time", "user_profile"."paid", "user_profile"."last_login", "user_profile"."image_url", "user_profile"."total_likes", "user_profile"."coins" FROM "user_profile" WHERE "user_profile"."id" = '07657667c27c4f34b72b3539535b8398' LIMIT 21; args=('07657667c27c4f34b72b3539535b8398',); alias=default
(0.000) SELECT "django_content_type"."id", "django_content_type"."app_label", "django_content_type"."model" FROM "django_content_type" WHERE ("django_content_type"."app_label" = 'user' AND "django_content_type"."model" = 'profile') LIMIT 21; args=('user', 'profile'); alias=default
(0.000) SELECT "auth_user"."id", "auth_user"."password", "auth_user"."last_login", "auth_user"."is_superuser", "auth_user"."username", "auth_user"."first_name", "auth_user"."last_name", "auth_user"."email", "auth_user"."is_staff", "auth_user"."is_active", "auth_user"."date_joined" FROM "auth_user" ORDER BY "auth_user"."username" ASC; args=(); alias=default
(0.000) SELECT "django_session"."session_key", "django_session"."session_data", "django_session"."expire_date" FROM "django_session" WHERE ("django_session"."expire_date" > '2023-05-13 06:40:27.483447' AND "django_session"."session_key" = 'q77u1bhqye9z186ll103wzm6iuisbgo2') LIMIT 21; args=('2023-05-13 06:40:27.483447', 'q77u1bhqye9z186ll103wzm6iuisbgo2'); alias=default
(0.016) SELECT "auth_user"."id", "auth_user"."password", "auth_user"."last_login", "auth_user"."is_superuser", "auth_user"."username", "auth_user"."first_name", "auth_user"."last_name", "auth_user"."email", "auth_user"."is_staff", "auth_user"."is_active", "auth_user"."date_joined" FROM "auth_user" WHERE "auth_user"."id" = 1 LIMIT 21; args=(1,); alias=default
(0.000) 
            SELECT name, type FROM sqlite_master
            WHERE type in ('table', 'view') AND NOT name='sqlite_sequence'
            ORDER BY name; args=None; alias=default
(0.000) SELECT "django_migrations"."id", "django_migrations"."app", "django_migrations"."name", "django_migrations"."applied" FROM "django_migrations"; args=(); alias=default
(0.000) SELECT "auth_user"."id", "auth_user"."password", "auth_user"."last_login", "auth_user"."is_superuser", "auth_user"."username", "auth_user"."first_name", "auth_user"."last_name", "auth_user"."email", "auth_user"."is_staff", "auth_user"."is_active", "auth_user"."date_joined" FROM "auth_user" WHERE "auth_user"."id" = 1 LIMIT 21; args=(1,); alias=default
(0.000) SELECT "user_profile"."user_id", "user_profile"."name", "user_profile"."id", "user_profile"."email", "user_profile"."gender", "user_profile"."paid_time", "user_profile"."paid", "user_profile"."last_login", "user_profile"."image_url", "user_profile"."total_likes", "user_profile"."coins" FROM "user_profile" WHERE "user_profile"."email" IN ('9562267229', '9061031229'); args=('9562267229', '9061031229'); alias=default
(0.000) SELECT "question_question"."id", "question_question"."question" FROM "question_question" WHERE "question_question"."id" = 'fff13521100f4444a1131bc9d8e5891c' LIMIT 21; args=('fff13521100f4444a1131bc9d8e5891c',); alias=default
(0.000) SELECT "group_group"."name", "group_group"."id", "group_group"."admin_id" FROM "group_group" WHERE "group_group"."id" = 'V61qpI' LIMIT 21; args=('V61qpI',); alias=default
(0.125) INSERT INTO "likes_like" ("id", "user_from_id", "user_to_id", "group_id", "question_id", "time") VALUES ('d893ced331104670b36b09c912d04ca2', '07657667c27c4f34b72b3539535b8398', 'b748f46749454ee8a8408d9d90024d88', 'V61qpI', 'fff13521100f4444a1131bc9d8e5891c', '2023-05-13 06:46:20.471475'); args=('d893ced331104670b36b09c912d04ca2', '07657667c27c4f34b72b3539535b8398', 'b748f46749454ee8a8408d9d90024d88', 'V61qpI', 'fff13521100f4444a1131bc9d8e5891c', '2023-05-13 06:46:20.471475'); alias=default
(0.078) UPDATE "user_profile" SET "user_id" = 4, "name" = 'Sam', "email" = '9061031229', "gender" = 'boy', "paid_time" = NULL, "paid" = 'False', "last_login" = '2023-05-13 06:25:44', "image_url" = '', "total_likes" = 22, "coins" = 0 WHERE "user_profile"."id" = 'b748f46749454ee8a8408d9d90024d88'; args=(4, 'Sam', '9061031229', 'boy', 'False', '2023-05-13 06:25:44', '', 22, 0, 'b748f46749454ee8a8408d9d90024d88'); alias=default
(0.000) SELECT "user_profile"."name", "user_profile"."email", COUNT("likes_like"."id") AS "count" FROM "likes_like" INNER JOIN "user_profile" ON ("likes_like"."user_to_id" = "user_profile"."id") WHERE ("likes_like"."group_id" = 'V61qpI' AND "likes_like"."question_id" = 'fff13521100f4444a1131bc9d8e5891c') GROUP BY "user_profile"."name", "user_profile"."email" ORDER BY "count" DESC LIMIT 1; args=('V61qpI', 'fff13521100f4444a1131bc9d8e5891c'); alias=default
(0.078) UPDATE "user_profile" SET "user_id" = 3, "name" = 'Delvin', "email" = '9562267229', "gender" = 'boy', "paid_time" = NULL, "paid" = 'False', "last_login" = '2023-05-13 06:25:44', "image_url" = '', "total_likes" = 3, "coins" = 153 WHERE "user_profile"."id" = '07657667c27c4f34b72b3539535b8398'; args=(3, 'Delvin', '9562267229', 'boy', 'False', '2023-05-13 06:25:44', '', 3, 153, '07657667c27c4f34b72b3539535b8398'); alias=default
(0.000) SELECT "user_profile"."name", "user_profile"."email", COUNT("likes_like"."id") AS "count" FROM "likes_like" INNER JOIN "user_profile" ON ("likes_like"."user_to_id" = "user_profile"."id") WHERE ("likes_like"."group_id" = 'V61qpI' AND "likes_like"."question_id" = 'fff13521100f4444a1131bc9d8e5891c') GROUP BY "user_profile"."name", "user_profile"."email" ORDER BY "count" DESC; args=('V61qpI', 'fff13521100f4444a1131bc9d8e5891c'); alias=default
(0.000) SELECT "auth_user"."id", "auth_user"."password", "auth_user"."last_login", "auth_user"."is_superuser", "auth_user"."username", "auth_user"."first_name", "auth_user"."last_name", "auth_user"."email", "auth_user"."is_staff", "auth_user"."is_active", "auth_user"."date_joined" FROM "auth_user" WHERE "auth_user"."id" = 1 LIMIT 21; args=(1,); alias=default
(0.000) SELECT "user_profile"."user_id", "user_profile"."name", "user_profile"."id", "user_profile"."email", "user_profile"."gender", "user_profile"."paid_time", "user_profile"."paid", "user_profile"."last_login", "user_profile"."image_url", "user_profile"."total_likes", "user_profile"."coins" FROM "user_profile" WHERE "user_profile"."email" IN ('9562267229', '9061031229'); args=('9562267229', '9061031229'); alias=default
(0.000) SELECT "question_question"."id", "question_question"."question" FROM "question_question" WHERE "question_question"."id" = 'fff13521100f4444a1131bc9d8e5891c' LIMIT 21; args=('fff13521100f4444a1131bc9d8e5891c',); alias=default
(0.000) SELECT "group_group"."name", "group_group"."id", "group_group"."admin_id" FROM "group_group" WHERE "group_group"."id" = 'V61qpI' LIMIT 21; args=('V61qpI',); alias=default
(0.125) INSERT INTO "likes_like" ("id", "user_from_id", "user_to_id", "group_id", "question_id", "time") VALUES ('f9443ccef210485aaa97ffdb22d1288d', '07657667c27c4f34b72b3539535b8398', 'b748f46749454ee8a8408d9d90024d88', 'V61qpI', 'fff13521100f4444a1131bc9d8e5891c', '2023-05-13 06:46:23.178992'); args=('f9443ccef210485aaa97ffdb22d1288d', '07657667c27c4f34b72b3539535b8398', 'b748f46749454ee8a8408d9d90024d88', 'V61qpI', 'fff13521100f4444a1131bc9d8e5891c', '2023-05-13 06:46:23.178992'); alias=default
(0.078) UPDATE "user_profile" SET "user_id" = 4, "name" = 'Sam', "email" = '9061031229', "gender" = 'boy', "paid_time" = NULL, "paid" = 'False', "last_login" = '2023-05-13 06:25:44', "image_url" = '', "total_likes" = 23, "coins" = 0 WHERE "user_profile"."id" = 'b748f46749454ee8a8408d9d90024d88'; args=(4, 'Sam', '9061031229', 'boy', 'False', '2023-05-13 06:25:44', '', 23, 0, 'b748f46749454ee8a8408d9d90024d88'); alias=default
(0.000) SELECT "user_profile"."name", "user_profile"."email", COUNT("likes_like"."id") AS "count" FROM "likes_like" INNER JOIN "user_profile" ON ("likes_like"."user_to_id" = "user_profile"."id") WHERE ("likes_like"."group_id" = 'V61qpI' AND "likes_like"."question_id" = 'fff13521100f4444a1131bc9d8e5891c') GROUP BY "user_profile"."name", "user_profile"."email" ORDER BY "count" DESC LIMIT 1; args=('V61qpI', 'fff13521100f4444a1131bc9d8e5891c'); alias=default
(0.156) UPDATE "user_profile" SET "user_id" = 3, "name" = 'Delvin', "email" = '9562267229', "gender" = 'boy', "paid_time" = NULL, "paid" = 'False', "last_login" = '2023-05-13 06:25:44', "image_url" = '', "total_likes" = 3, "coins" = 203 WHERE "user_profile"."id" = '07657667c27c4f34b72b3539535b8398'; args=(3, 'Delvin', '9562267229', 'boy', 'False', '2023-05-13 06:25:44', '', 3, 203, '07657667c27c4f34b72b3539535b8398'); alias=default
(0.000) SELECT "user_profile"."name", "user_profile"."email", COUNT("likes_like"."id") AS "count" FROM "likes_like" INNER JOIN "user_profile" ON ("likes_like"."user_to_id" = "user_profile"."id") WHERE ("likes_like"."group_id" = 'V61qpI' AND "likes_like"."question_id" = 'fff13521100f4444a1131bc9d8e5891c') GROUP BY "user_profile"."name", "user_profile"."email" ORDER BY "count" DESC; args=('V61qpI', 'fff13521100f4444a1131bc9d8e5891c'); alias=default
(0.000) 
            SELECT name, type FROM sqlite_master
            WHERE type in ('table', 'view') AND NOT name='sqlite_sequence'
            ORDER BY name; args=None; alias=default
(0.000) SELECT "django_migrations"."id", "django_migrations"."app", "django_migrations"."name", "django_migrations"."applied" FROM "django_migrations"; args=(); alias=default
(0.016) 
            SELECT name, type FROM sqlite_master
            WHERE type in ('table', 'view') AND NOT name='sqlite_sequence'
            ORDER BY name; args=None; alias=default
(0.000) SELECT "django_migrations"."id", "django_migrations"."app", "django_migrations"."name", "django_migrations"."applied" FROM "django_migrations"; args=(); alias=default
(0.000) 
            SELECT name, type FROM sqlite_master
            WHERE type in ('table', 'view') AND NOT name='sqlite_sequence'
            ORDER BY name; args=None; alias=default
(0.000) SELECT "django_migrations"."id", "django_migrations"."app", "django_migrations"."name", "django_migrations"."applied" FROM "django_migrations"; args=(); alias=default
(0.000) SELECT "auth_user"."id", "auth_user"."password", "auth_user"."last_login", "auth_user"."is_superuser", "auth_user"."username", "auth_user"."first_name", "auth_user"."last_name", "auth_user"."email", "auth_user"."is_staff", "auth_user"."is_active", "auth_user"."date_joined" FROM "auth_user" WHERE "auth_user"."id" = 1 LIMIT 21; args=(1,); alias=default
(0.000) SELECT "user_profile"."user_id", "user_profile"."name", "user_profile"."id", "user_profile"."email", "user_profile"."gender", "user_profile"."paid_time", "user_profile"."paid", "user_profile"."last_login", "user_profile"."image_url", "user_profile"."total_likes", "user_profile"."coins" FROM "user_profile" WHERE "user_profile"."email" = 'delvinsaji' LIMIT 21; args=('delvinsaji',); alias=default
(0.000) SELECT "user_profile"."user_id", "user_profile"."name", "user_profile"."id", "user_profile"."email", "user_profile"."gender", "user_profile"."paid_time", "user_profile"."paid", "user_profile"."last_login", "user_profile"."image_url", "user_profile"."total_likes", "user_profile"."coins" FROM "user_profile" LIMIT 21; args=(); alias=default
(0.031) SELECT "auth_user"."id", "auth_user"."password", "auth_user"."last_login", "auth_user"."is_superuser", "auth_user"."username", "auth_user"."first_name", "auth_user"."last_name", "auth_user"."email", "auth_user"."is_staff", "auth_user"."is_active", "auth_user"."date_joined" FROM "auth_user" WHERE "auth_user"."username" = '9562267229' LIMIT 21; args=('9562267229',); alias=default
(0.110) UPDATE "auth_user" SET "password" = 'pbkdf2_sha256$390000$Kn1C6uyYHDfSCBHnz42Y1F$E8Tlw7FKz1C6i+ZROspUa2i7hqA8xfpdZHwtnX3Jr98=', "last_login" = NULL, "is_superuser" = 0, "username" = '9562267229', "first_name" = '', "last_name" = '', "email" = '', "is_staff" = 0, "is_active" = 1, "date_joined" = '2023-05-12 18:14:33.839942' WHERE "auth_user"."id" = 3; args=('pbkdf2_sha256$390000$Kn1C6uyYHDfSCBHnz42Y1F$E8Tlw7FKz1C6i+ZROspUa2i7hqA8xfpdZHwtnX3Jr98=', False, '9562267229', '', '', '', False, True, '2023-05-12 18:14:33.839942', 3); alias=default
(0.000) 
            SELECT name, type FROM sqlite_master
            WHERE type in ('table', 'view') AND NOT name='sqlite_sequence'
            ORDER BY name; args=None; alias=default
(0.000) SELECT "django_migrations"."id", "django_migrations"."app", "django_migrations"."name", "django_migrations"."applied" FROM "django_migrations"; args=(); alias=default
(0.000) SELECT "auth_user"."id", "auth_user"."password", "auth_user"."last_login", "auth_user"."is_superuser", "auth_user"."username", "auth_user"."first_name", "auth_user"."last_name", "auth_user"."email", "auth_user"."is_staff", "auth_user"."is_active", "auth_user"."date_joined" FROM "auth_user" WHERE "auth_user"."username" = '9562267229' LIMIT 21; args=('9562267229',); alias=default
(0.000) SELECT "user_profile"."user_id", "user_profile"."name", "user_profile"."id", "user_profile"."email", "user_profile"."gender", "user_profile"."paid_time", "user_profile"."paid", "user_profile"."last_login", "user_profile"."image_url", "user_profile"."total_likes", "user_profile"."coins" FROM "user_profile" WHERE "user_profile"."email" = '9562267229' LIMIT 21; args=('9562267229',); alias=default
(0.000) SELECT "auth_user"."id", "auth_user"."password", "auth_user"."last_login", "auth_user"."is_superuser", "auth_user"."username", "auth_user"."first_name", "auth_user"."last_name", "auth_user"."email", "auth_user"."is_staff", "auth_user"."is_active", "auth_user"."date_joined" FROM "auth_user" WHERE "auth_user"."id" = 3 LIMIT 21; args=(3,); alias=default
(0.000) SELECT "user_profile"."user_id", "user_profile"."name", "user_profile"."id", "user_profile"."email", "user_profile"."gender", "user_profile"."paid_time", "user_profile"."paid", "user_profile"."last_login", "user_profile"."image_url", "user_profile"."total_likes", "user_profile"."coins" FROM "user_profile" WHERE "user_profile"."email" = '9562267229' LIMIT 21; args=('9562267229',); alias=default
